2023-05-03 15:06:28,472 - __main__ - INFO - Token value: GetResponse key was accepted!
2023-05-03 15:06:28,472 - __main__ - INFO - Token value: Open AI key was accepted!
2023-05-03 15:06:55,816 - __main__ - INFO - message send succesfully from : {'name': 'JAG @ My Cafe Digital', 'id': 'aRcTU', 'email': 'jag@mycafedigital.com'} to {'name': 'AI_book_recomendation', 'id': 'MLUJj', 'contacts_count': 522} subject: "Are You Ready for the Ride of Your Life? Discover the Must-Read Secrets in 'The Ride of a Lifetime'" book: The Ride of a Lifetime
2023-05-03 19:16:55,231 - __main__ - INFO - Token value: GetResponse key was accepted!
2023-05-03 19:16:55,231 - __main__ - INFO - Token value: Open AI key was accepted!
2023-05-04 11:14:45,860 - __main__ - INFO - Token value: GetResponse key was accepted!
2023-05-04 11:14:45,860 - __main__ - INFO - Token value: Open AI key was accepted!
2023-05-04 11:15:17,934 - __main__ - INFO - message send succesfully from : {'name': 'JAG @ My Cafe Digital', 'id': 'aRcTU', 'email': 'jag@mycafedigital.com'} to {'name': 'AI_book_recomendation', 'id': 'MLUJj', 'contacts_count': 522} subject: "Are You Ready to Experience Unprecedented Enlightenment? Discover How in 'Enlightenment Now'" book: Enlightenment Now
2023-05-05 11:13:51,862 - __main__ - INFO - Token value: GetResponse key was accepted!
2023-05-05 11:13:51,862 - __main__ - INFO - Token value: Open AI key was accepted!
2023-05-05 11:14:22,603 - __main__ - INFO - message send succesfully from : {'name': 'JAG @ My Cafe Digital', 'id': 'aRcTU', 'email': 'jag@mycafedigital.com'} to {'name': 'AI_book_recomendation', 'id': 'MLUJj', 'contacts_count': 498} subject: "Unlocking the Secrets of the Mind-Blowing Titan: Are You Ready to Change the Game?" book: Titan
2023-05-06 11:13:16,898 - __main__ - INFO - Token value: GetResponse key was accepted!
2023-05-06 11:13:16,898 - __main__ - INFO - Token value: Open AI key was accepted!
2023-05-06 11:13:49,096 - __main__ - INFO - message send succesfully from : {'name': 'JAG @ My Cafe Digital', 'id': 'aRcTU', 'email': 'jag@mycafedigital.com'} to {'name': 'AI_book_recomendation', 'id': 'MLUJj', 'contacts_count': 498} subject: How can 'Bird by Bird' help you smash through writer's block and finish that novel? book: Bird by Bird
2023-05-07 11:12:37,103 - __main__ - INFO - Token value: GetResponse key was accepted!
2023-05-07 11:12:37,103 - __main__ - INFO - Token value: Open AI key was accepted!
2023-05-07 11:13:06,526 - __main__ - INFO - message send succesfully from : {'name': 'JAG @ My Cafe Digital', 'id': 'aRcTU', 'email': 'jag@mycafedigital.com'} to {'name': 'AI_book_recomendation', 'id': 'MLUJj', 'contacts_count': 496} subject: "Stuck in a Rut? Discover How 'The Obstacle Is the Way' to Overcoming Challenges and Finding Success!" book: The Obstacle Is the Way
2023-05-08 11:14:05,915 - __main__ - INFO - Token value: GetResponse key was accepted!
2023-05-08 11:14:05,915 - __main__ - INFO - Token value: Open AI key was accepted!
2023-05-08 11:14:39,929 - __main__ - INFO - message send succesfully from : {'name': 'JAG @ My Cafe Digital', 'id': 'aRcTU', 'email': 'jag@mycafedigital.com'} to {'name': 'AI_book_recomendation', 'id': 'MLUJj', 'contacts_count': 496} subject: "Are You Ready to Walk in the Shoes of a Billion-Dollar Company Founder? - Learn How in 'Shoe Dog'" book: Shoe Dog
